c:\users\user\onedrive\рабочий стол\visual studio\sessiya\sessiya\x64\debug\vc143.pdb
c:\users\user\onedrive\рабочий стол\visual studio\sessiya\sessiya\x64\debug\.netframework,version=v4.7.2.assemblyattributes.obj
c:\users\user\onedrive\рабочий стол\visual studio\sessiya\sessiya\x64\debug\myform2.obj
c:\users\user\onedrive\рабочий стол\visual studio\sessiya\sessiya\x64\debug\myform1.obj
c:\users\user\onedrive\рабочий стол\visual studio\sessiya\sessiya\x64\debug\myform.obj
c:\users\user\onedrive\рабочий стол\visual studio\sessiya\x64\debug\sessiya.exe
c:\users\user\onedrive\рабочий стол\visual studio\sessiya\x64\debug\sessiya.pdb
c:\users\user\onedrive\рабочий стол\visual studio\sessiya\sessiya\x64\debug\sessiya.tlog\cl.command.1.tlog
c:\users\user\onedrive\рабочий стол\visual studio\sessiya\sessiya\x64\debug\sessiya.tlog\cl.items.tlog
c:\users\user\onedrive\рабочий стол\visual studio\sessiya\sessiya\x64\debug\sessiya.tlog\cl.read.1.tlog
c:\users\user\onedrive\рабочий стол\visual studio\sessiya\sessiya\x64\debug\sessiya.tlog\cl.write.1.tlog
c:\users\user\onedrive\рабочий стол\visual studio\sessiya\sessiya\x64\debug\sessiya.tlog\link.command.1.tlog
c:\users\user\onedrive\рабочий стол\visual studio\sessiya\sessiya\x64\debug\sessiya.tlog\link.read.1.tlog
c:\users\user\onedrive\рабочий стол\visual studio\sessiya\sessiya\x64\debug\sessiya.tlog\link.secondary.1.tlog
c:\users\user\onedrive\рабочий стол\visual studio\sessiya\sessiya\x64\debug\sessiya.tlog\link.write.1.tlog
c:\users\user\onedrive\рабочий стол\visual studio\sessiya\sessiya\x64\debug\sessiya.tlog\metagen.read.1.tlog
c:\users\user\onedrive\рабочий стол\visual studio\sessiya\sessiya\x64\debug\sessiya.tlog\metagen.write.1.tlog
c:\users\user\onedrive\рабочий стол\visual studio\sessiya\sessiya\x64\debug\sessiya.tlog\resgen.command.1.tlog
c:\users\user\onedrive\рабочий стол\visual studio\sessiya\sessiya\x64\debug\sessiya.tlog\resgen.read.1.tlog
c:\users\user\onedrive\рабочий стол\visual studio\sessiya\sessiya\x64\debug\sessiya.tlog\resgen.write.1.tlog
