  MyForm2.cpp
C:\Users\User\OneDrive\Рабочий стол\visual studio\sessiya\Page1.h(100,3): error C2065: 'SqlConnection': undeclared identifier
  (compiling source file 'MyForm2.cpp')
  
C:\Users\User\OneDrive\Рабочий стол\visual studio\sessiya\Page1.h(100,18): error C2065: 'conn': undeclared identifier
  (compiling source file 'MyForm2.cpp')
  
C:\Users\User\OneDrive\Рабочий стол\visual studio\sessiya\Page1.h(100,31): error C2061: syntax error: identifier 'SqlConnection'
  (compiling source file 'MyForm2.cpp')
  
C:\Users\User\OneDrive\Рабочий стол\visual studio\sessiya\Page1.h(103,4): error C2065: 'conn': undeclared identifier
  (compiling source file 'MyForm2.cpp')
  
C:\Users\User\OneDrive\Рабочий стол\visual studio\sessiya\Page1.h(108,4): error C2065: 'SqlCommand': undeclared identifier
  (compiling source file 'MyForm2.cpp')
  
C:\Users\User\OneDrive\Рабочий стол\visual studio\sessiya\Page1.h(108,16): error C2065: 'cmd': undeclared identifier
  (compiling source file 'MyForm2.cpp')
  
C:\Users\User\OneDrive\Рабочий стол\visual studio\sessiya\Page1.h(108,28): error C2061: syntax error: identifier 'SqlCommand'
  (compiling source file 'MyForm2.cpp')
  
C:\Users\User\OneDrive\Рабочий стол\visual studio\sessiya\Page1.h(111,4): error C2065: 'cmd': undeclared identifier
  (compiling source file 'MyForm2.cpp')
  
C:\Users\User\OneDrive\Рабочий стол\visual studio\sessiya\Page1.h(112,4): error C2065: 'cmd': undeclared identifier
  (compiling source file 'MyForm2.cpp')
  
C:\Users\User\OneDrive\Рабочий стол\visual studio\sessiya\Page1.h(113,4): error C2065: 'cmd': undeclared identifier
  (compiling source file 'MyForm2.cpp')
  
C:\Users\User\OneDrive\Рабочий стол\visual studio\sessiya\Page1.h(114,4): error C2065: 'cmd': undeclared identifier
  (compiling source file 'MyForm2.cpp')
  
C:\Users\User\OneDrive\Рабочий стол\visual studio\sessiya\Page1.h(115,4): error C2065: 'cmd': undeclared identifier
  (compiling source file 'MyForm2.cpp')
  
C:\Users\User\OneDrive\Рабочий стол\visual studio\sessiya\Page1.h(116,4): error C2065: 'cmd': undeclared identifier
  (compiling source file 'MyForm2.cpp')
  
C:\Users\User\OneDrive\Рабочий стол\visual studio\sessiya\Page1.h(118,17): error C2065: 'cmd': undeclared identifier
  (compiling source file 'MyForm2.cpp')
  
C:\Users\User\OneDrive\Рабочий стол\visual studio\sessiya\Page1.h(131,4): error C2065: 'conn': undeclared identifier
  (compiling source file 'MyForm2.cpp')
  
  MyForm3.cpp
C:\Users\User\OneDrive\Рабочий стол\visual studio\sessiya\Page1.h(100,3): error C2065: 'SqlConnection': undeclared identifier
  (compiling source file 'MyForm3.cpp')
  
C:\Users\User\OneDrive\Рабочий стол\visual studio\sessiya\Page1.h(100,18): error C2065: 'conn': undeclared identifier
  (compiling source file 'MyForm3.cpp')
  
C:\Users\User\OneDrive\Рабочий стол\visual studio\sessiya\Page1.h(100,31): error C2061: syntax error: identifier 'SqlConnection'
  (compiling source file 'MyForm3.cpp')
  
C:\Users\User\OneDrive\Рабочий стол\visual studio\sessiya\Page1.h(103,4): error C2065: 'conn': undeclared identifier
  (compiling source file 'MyForm3.cpp')
  
C:\Users\User\OneDrive\Рабочий стол\visual studio\sessiya\Page1.h(108,4): error C2065: 'SqlCommand': undeclared identifier
  (compiling source file 'MyForm3.cpp')
  
C:\Users\User\OneDrive\Рабочий стол\visual studio\sessiya\Page1.h(108,16): error C2065: 'cmd': undeclared identifier
  (compiling source file 'MyForm3.cpp')
  
C:\Users\User\OneDrive\Рабочий стол\visual studio\sessiya\Page1.h(108,28): error C2061: syntax error: identifier 'SqlCommand'
  (compiling source file 'MyForm3.cpp')
  
C:\Users\User\OneDrive\Рабочий стол\visual studio\sessiya\Page1.h(111,4): error C2065: 'cmd': undeclared identifier
  (compiling source file 'MyForm3.cpp')
  
C:\Users\User\OneDrive\Рабочий стол\visual studio\sessiya\Page1.h(112,4): error C2065: 'cmd': undeclared identifier
  (compiling source file 'MyForm3.cpp')
  
C:\Users\User\OneDrive\Рабочий стол\visual studio\sessiya\Page1.h(113,4): error C2065: 'cmd': undeclared identifier
  (compiling source file 'MyForm3.cpp')
  
C:\Users\User\OneDrive\Рабочий стол\visual studio\sessiya\Page1.h(114,4): error C2065: 'cmd': undeclared identifier
  (compiling source file 'MyForm3.cpp')
  
C:\Users\User\OneDrive\Рабочий стол\visual studio\sessiya\Page1.h(115,4): error C2065: 'cmd': undeclared identifier
  (compiling source file 'MyForm3.cpp')
  
C:\Users\User\OneDrive\Рабочий стол\visual studio\sessiya\Page1.h(116,4): error C2065: 'cmd': undeclared identifier
  (compiling source file 'MyForm3.cpp')
  
C:\Users\User\OneDrive\Рабочий стол\visual studio\sessiya\Page1.h(118,17): error C2065: 'cmd': undeclared identifier
  (compiling source file 'MyForm3.cpp')
  
C:\Users\User\OneDrive\Рабочий стол\visual studio\sessiya\Page1.h(131,4): error C2065: 'conn': undeclared identifier
  (compiling source file 'MyForm3.cpp')
  
  Page1.cpp
C:\Users\User\OneDrive\Рабочий стол\visual studio\sessiya\Page1.h(100,3): error C2065: 'SqlConnection': undeclared identifier
  (compiling source file 'Page1.cpp')
  
C:\Users\User\OneDrive\Рабочий стол\visual studio\sessiya\Page1.h(100,18): error C2065: 'conn': undeclared identifier
  (compiling source file 'Page1.cpp')
  
C:\Users\User\OneDrive\Рабочий стол\visual studio\sessiya\Page1.h(100,31): error C2061: syntax error: identifier 'SqlConnection'
  (compiling source file 'Page1.cpp')
  
C:\Users\User\OneDrive\Рабочий стол\visual studio\sessiya\Page1.h(103,4): error C2065: 'conn': undeclared identifier
  (compiling source file 'Page1.cpp')
  
C:\Users\User\OneDrive\Рабочий стол\visual studio\sessiya\Page1.h(108,4): error C2065: 'SqlCommand': undeclared identifier
  (compiling source file 'Page1.cpp')
  
C:\Users\User\OneDrive\Рабочий стол\visual studio\sessiya\Page1.h(108,16): error C2065: 'cmd': undeclared identifier
  (compiling source file 'Page1.cpp')
  
C:\Users\User\OneDrive\Рабочий стол\visual studio\sessiya\Page1.h(108,28): error C2061: syntax error: identifier 'SqlCommand'
  (compiling source file 'Page1.cpp')
  
C:\Users\User\OneDrive\Рабочий стол\visual studio\sessiya\Page1.h(111,4): error C2065: 'cmd': undeclared identifier
  (compiling source file 'Page1.cpp')
  
C:\Users\User\OneDrive\Рабочий стол\visual studio\sessiya\Page1.h(112,4): error C2065: 'cmd': undeclared identifier
  (compiling source file 'Page1.cpp')
  
C:\Users\User\OneDrive\Рабочий стол\visual studio\sessiya\Page1.h(113,4): error C2065: 'cmd': undeclared identifier
  (compiling source file 'Page1.cpp')
  
C:\Users\User\OneDrive\Рабочий стол\visual studio\sessiya\Page1.h(114,4): error C2065: 'cmd': undeclared identifier
  (compiling source file 'Page1.cpp')
  
C:\Users\User\OneDrive\Рабочий стол\visual studio\sessiya\Page1.h(115,4): error C2065: 'cmd': undeclared identifier
  (compiling source file 'Page1.cpp')
  
C:\Users\User\OneDrive\Рабочий стол\visual studio\sessiya\Page1.h(116,4): error C2065: 'cmd': undeclared identifier
  (compiling source file 'Page1.cpp')
  
C:\Users\User\OneDrive\Рабочий стол\visual studio\sessiya\Page1.h(118,17): error C2065: 'cmd': undeclared identifier
  (compiling source file 'Page1.cpp')
  
C:\Users\User\OneDrive\Рабочий стол\visual studio\sessiya\Page1.h(131,4): error C2065: 'conn': undeclared identifier
  (compiling source file 'Page1.cpp')
  
  Generating Code...
